  Main.cpp
C:\Users\beaco\source\repos\Sorts\Sorts\Main.cpp(24,34): warning C4244: '+=': conversion from '_Rep' to 'int', possible loss of data
C:\Users\beaco\source\repos\Sorts\Sorts\Main.cpp(24,34): warning C4244:         with
C:\Users\beaco\source\repos\Sorts\Sorts\Main.cpp(24,34): warning C4244:         [
C:\Users\beaco\source\repos\Sorts\Sorts\Main.cpp(24,34): warning C4244:             _Rep=__int64
C:\Users\beaco\source\repos\Sorts\Sorts\Main.cpp(24,34): warning C4244:         ]
C:\Users\beaco\source\repos\Sorts\Sorts\Main.cpp(42,34): warning C4244: '+=': conversion from '_Rep' to 'int', possible loss of data
C:\Users\beaco\source\repos\Sorts\Sorts\Main.cpp(42,34): warning C4244:         with
C:\Users\beaco\source\repos\Sorts\Sorts\Main.cpp(42,34): warning C4244:         [
C:\Users\beaco\source\repos\Sorts\Sorts\Main.cpp(42,34): warning C4244:             _Rep=__int64
C:\Users\beaco\source\repos\Sorts\Sorts\Main.cpp(42,34): warning C4244:         ]
C:\Users\beaco\source\repos\Sorts\Sorts\Main.cpp(62,34): warning C4244: '+=': conversion from '_Rep' to 'int', possible loss of data
C:\Users\beaco\source\repos\Sorts\Sorts\Main.cpp(62,34): warning C4244:         with
C:\Users\beaco\source\repos\Sorts\Sorts\Main.cpp(62,34): warning C4244:         [
C:\Users\beaco\source\repos\Sorts\Sorts\Main.cpp(62,34): warning C4244:             _Rep=__int64
C:\Users\beaco\source\repos\Sorts\Sorts\Main.cpp(62,34): warning C4244:         ]
C:\Users\beaco\source\repos\Sorts\Sorts\Main.cpp(82,34): warning C4244: '+=': conversion from '_Rep' to 'int', possible loss of data
C:\Users\beaco\source\repos\Sorts\Sorts\Main.cpp(82,34): warning C4244:         with
C:\Users\beaco\source\repos\Sorts\Sorts\Main.cpp(82,34): warning C4244:         [
C:\Users\beaco\source\repos\Sorts\Sorts\Main.cpp(82,34): warning C4244:             _Rep=__int64
C:\Users\beaco\source\repos\Sorts\Sorts\Main.cpp(82,34): warning C4244:         ]
  Sorts.vcxproj -> C:\Users\beaco\source\repos\Sorts\x64\Debug\Sorts.exe
